<?xml version="1.0" encoding="UTF-8"?>
<testsuite xmlns:xsi="http://www.w3.org/2001/XMLSchema-instance" xsi:noNamespaceSchemaLocation="https://maven.apache.org/surefire/maven-surefire-plugin/xsd/surefire-test-report.xsd" name="com.assignment.my_assignment.AlphaNumericTest" time="0.037" tests="3" errors="0" skipped="0" failures="0">
  <properties>
[...]
</properties>
  <testcase name="checkNumeric" classname="com.assignment.my_assignment.AlphaNumericTest" time="0.004"/>
  <testcase name="checkLowercase" classname="com.assignment.my_assignment.AlphaNumericTest" time="0"/>
  <testcase name="checkUppercase" classname="com.assignment.my_assignment.AlphaNumericTest" time="0.001"/>
</testsuite>